<?xml version="1.0" encoding="UTF-8"?>
<testng-results ignored="0" total="5" passed="5" failed="0" skipped="0">
  <reporter-output>
  </reporter-output>
  <suite started-at="2022-09-13T19:04:24Z" name="Suite" finished-at="2022-09-13T19:04:41Z" duration-ms="16740">
    <groups>
      <group name="cucumber">
        <method signature="AbstractTestNGCucumberTests.runScenario(cucumber.api.testng.PickleEventWrapper, cucumber.api.testng.CucumberFeatureWrapper)[pri:0, instance:stepDefs.TestRunner@53045c6c]" name="runScenario" class="cucumber.api.testng.AbstractTestNGCucumberTests"/>
      </group> <!-- cucumber -->
    </groups>
    <test started-at="2022-09-13T19:04:24Z" name="Test" finished-at="2022-09-13T19:04:41Z" duration-ms="16740">
      <class name="stepDefs.TestRunner">
        <test-method is-config="true" signature="setUpClass()[pri:0, instance:stepDefs.TestRunner@53045c6c]" started-at="2022-09-13T19:04:24Z" name="setUpClass" finished-at="2022-09-13T19:04:24Z" duration-ms="119" status="PASS">
          <reporter-output>
          </reporter-output>
        </test-method> <!-- setUpClass -->
        <test-method signature="runScenario(cucumber.api.testng.PickleEventWrapper, cucumber.api.testng.CucumberFeatureWrapper)[pri:0, instance:stepDefs.TestRunner@53045c6c]" started-at="2022-09-13T19:04:24Z" name="runScenario" description="Runs Cucumber Scenarios" data-provider="scenarios" finished-at="2022-09-13T19:04:28Z" duration-ms="3520" status="PASS">
          <params>
            <param index="0">
              <value>
                <![CDATA["Validate successful login"]]>
              </value>
            </param>
            <param index="1">
              <value>
                <![CDATA["This feature will be used to test the Login page of the application"]]>
              </value>
            </param>
          </params>
          <reporter-output>
          </reporter-output>
        </test-method> <!-- runScenario -->
        <test-method signature="runScenario(cucumber.api.testng.PickleEventWrapper, cucumber.api.testng.CucumberFeatureWrapper)[pri:0, instance:stepDefs.TestRunner@53045c6c]" started-at="2022-09-13T19:04:28Z" name="runScenario" description="Runs Cucumber Scenarios" data-provider="scenarios" finished-at="2022-09-13T19:04:31Z" duration-ms="3274" status="PASS">
          <params>
            <param index="0">
              <value>
                <![CDATA["Validate successful login using test data"]]>
              </value>
            </param>
            <param index="1">
              <value>
                <![CDATA["This feature will be used to test the Login page of the application"]]>
              </value>
            </param>
          </params>
          <reporter-output>
          </reporter-output>
        </test-method> <!-- runScenario -->
        <test-method signature="runScenario(cucumber.api.testng.PickleEventWrapper, cucumber.api.testng.CucumberFeatureWrapper)[pri:0, instance:stepDefs.TestRunner@53045c6c]" started-at="2022-09-13T19:04:31Z" name="runScenario" description="Runs Cucumber Scenarios" data-provider="scenarios" finished-at="2022-09-13T19:04:34Z" duration-ms="3104" status="PASS">
          <params>
            <param index="0">
              <value>
                <![CDATA["Validate successful login using multiple test data"]]>
              </value>
            </param>
            <param index="1">
              <value>
                <![CDATA["This feature will be used to test the Login page of the application"]]>
              </value>
            </param>
          </params>
          <reporter-output>
          </reporter-output>
        </test-method> <!-- runScenario -->
        <test-method signature="runScenario(cucumber.api.testng.PickleEventWrapper, cucumber.api.testng.CucumberFeatureWrapper)[pri:0, instance:stepDefs.TestRunner@53045c6c]" started-at="2022-09-13T19:04:34Z" name="runScenario" description="Runs Cucumber Scenarios" data-provider="scenarios" finished-at="2022-09-13T19:04:38Z" duration-ms="3370" status="PASS">
          <params>
            <param index="0">
              <value>
                <![CDATA["Validate successful login using multiple test data"]]>
              </value>
            </param>
            <param index="1">
              <value>
                <![CDATA["This feature will be used to test the Login page of the application"]]>
              </value>
            </param>
          </params>
          <reporter-output>
          </reporter-output>
        </test-method> <!-- runScenario -->
        <test-method signature="runScenario(cucumber.api.testng.PickleEventWrapper, cucumber.api.testng.CucumberFeatureWrapper)[pri:0, instance:stepDefs.TestRunner@53045c6c]" started-at="2022-09-13T19:04:38Z" name="runScenario" description="Runs Cucumber Scenarios" data-provider="scenarios" finished-at="2022-09-13T19:04:41Z" duration-ms="3099" status="PASS">
          <params>
            <param index="0">
              <value>
                <![CDATA["Validate negative login using test data"]]>
              </value>
            </param>
            <param index="1">
              <value>
                <![CDATA["This feature will be used to test the Login page of the application"]]>
              </value>
            </param>
          </params>
          <reporter-output>
          </reporter-output>
        </test-method> <!-- runScenario -->
        <test-method is-config="true" signature="tearDownClass()[pri:0, instance:stepDefs.TestRunner@53045c6c]" started-at="2022-09-13T19:04:41Z" name="tearDownClass" finished-at="2022-09-13T19:04:41Z" duration-ms="170" status="PASS">
          <reporter-output>
          </reporter-output>
        </test-method> <!-- tearDownClass -->
      </class> <!-- stepDefs.TestRunner -->
    </test> <!-- Test -->
  </suite> <!-- Suite -->
</testng-results>
