<?xml version="1.0" encoding="UTF-8" ?>
<testsuite tests="5" failures="0" name="stepDefs.TestRunner" time="16.247" errors="0" skipped="0">
  <properties>
[...]
</properties>
  <testcase classname="This feature will be used to test the Login page of the application" name="Validate successful login" time="3.737"/>
  <testcase classname="This feature will be used to test the Login page of the application" name="Validate successful login using test data" time="2.886"/>
  <testcase classname="This feature will be used to test the Login page of the application" name="Validate successful login using multiple test data" time="3.138"/>
  <testcase classname="This feature will be used to test the Login page of the application" name="Validate successful login using multiple test data" time="3.263"/>
  <testcase classname="This feature will be used to test the Login page of the application" name="Validate negative login using test data" time="3.223"/>
</testsuite>