<?xml version="1.0" encoding="UTF-8"?>
<testng-results ignored="0" total="5" passed="5" failed="0" skipped="0">
  <reporter-output>
  </reporter-output>
  <suite started-at="2022-09-13T19:02:18Z" name="Suite" finished-at="2022-09-13T19:02:37Z" duration-ms="18679">
    <groups>
      <group name="cucumber">
        <method signature="AbstractTestNGCucumberTests.runScenario(cucumber.api.testng.PickleEventWrapper, cucumber.api.testng.CucumberFeatureWrapper)[pri:0, instance:stepDefs.TestRunner@3e08ff24]" name="runScenario" class="cucumber.api.testng.AbstractTestNGCucumberTests"/>
      </group> <!-- cucumber -->
    </groups>
    <test started-at="2022-09-13T19:02:18Z" name="Test" finished-at="2022-09-13T19:02:37Z" duration-ms="18679">
      <class name="stepDefs.TestRunner">
        <test-method is-config="true" signature="setUpClass()[pri:0, instance:stepDefs.TestRunner@3e08ff24]" started-at="2022-09-13T19:02:18Z" name="setUpClass" finished-at="2022-09-13T19:02:18Z" duration-ms="138" status="PASS">
          <reporter-output>
          </reporter-output>
        </test-method> <!-- setUpClass -->
        <test-method signature="runScenario(cucumber.api.testng.PickleEventWrapper, cucumber.api.testng.CucumberFeatureWrapper)[pri:0, instance:stepDefs.TestRunner@3e08ff24]" started-at="2022-09-13T19:02:18Z" name="runScenario" description="Runs Cucumber Scenarios" data-provider="scenarios" finished-at="2022-09-13T19:02:24Z" duration-ms="6039" status="PASS">
          <params>
            <param index="0">
              <value>
                <![CDATA["Validate successful login"]]>
              </value>
            </param>
            <param index="1">
              <value>
                <![CDATA["This feature will be used to test the Login page of the application"]]>
              </value>
            </param>
          </params>
          <reporter-output>
          </reporter-output>
        </test-method> <!-- runScenario -->
        <test-method signature="runScenario(cucumber.api.testng.PickleEventWrapper, cucumber.api.testng.CucumberFeatureWrapper)[pri:0, instance:stepDefs.TestRunner@3e08ff24]" started-at="2022-09-13T19:02:24Z" name="runScenario" description="Runs Cucumber Scenarios" data-provider="scenarios" finished-at="2022-09-13T19:02:27Z" duration-ms="2995" status="PASS">
          <params>
            <param index="0">
              <value>
                <![CDATA["Validate successful login using test data"]]>
              </value>
            </param>
            <param index="1">
              <value>
                <![CDATA["This feature will be used to test the Login page of the application"]]>
              </value>
            </param>
          </params>
          <reporter-output>
          </reporter-output>
        </test-method> <!-- runScenario -->
        <test-method signature="runScenario(cucumber.api.testng.PickleEventWrapper, cucumber.api.testng.CucumberFeatureWrapper)[pri:0, instance:stepDefs.TestRunner@3e08ff24]" started-at="2022-09-13T19:02:27Z" name="runScenario" description="Runs Cucumber Scenarios" data-provider="scenarios" finished-at="2022-09-13T19:02:30Z" duration-ms="3102" status="PASS">
          <params>
            <param index="0">
              <value>
                <![CDATA["Validate successful login using multiple test data"]]>
              </value>
            </param>
            <param index="1">
              <value>
                <![CDATA["This feature will be used to test the Login page of the application"]]>
              </value>
            </param>
          </params>
          <reporter-output>
          </reporter-output>
        </test-method> <!-- runScenario -->
        <test-method signature="runScenario(cucumber.api.testng.PickleEventWrapper, cucumber.api.testng.CucumberFeatureWrapper)[pri:0, instance:stepDefs.TestRunner@3e08ff24]" started-at="2022-09-13T19:02:30Z" name="runScenario" description="Runs Cucumber Scenarios" data-provider="scenarios" finished-at="2022-09-13T19:02:33Z" duration-ms="3021" status="PASS">
          <params>
            <param index="0">
              <value>
                <![CDATA["Validate successful login using multiple test data"]]>
              </value>
            </param>
            <param index="1">
              <value>
                <![CDATA["This feature will be used to test the Login page of the application"]]>
              </value>
            </param>
          </params>
          <reporter-output>
          </reporter-output>
        </test-method> <!-- runScenario -->
        <test-method signature="runScenario(cucumber.api.testng.PickleEventWrapper, cucumber.api.testng.CucumberFeatureWrapper)[pri:0, instance:stepDefs.TestRunner@3e08ff24]" started-at="2022-09-13T19:02:33Z" name="runScenario" description="Runs Cucumber Scenarios" data-provider="scenarios" finished-at="2022-09-13T19:02:37Z" duration-ms="3116" status="PASS">
          <params>
            <param index="0">
              <value>
                <![CDATA["Validate negative login using test data"]]>
              </value>
            </param>
            <param index="1">
              <value>
                <![CDATA["This feature will be used to test the Login page of the application"]]>
              </value>
            </param>
          </params>
          <reporter-output>
          </reporter-output>
        </test-method> <!-- runScenario -->
        <test-method is-config="true" signature="tearDownClass()[pri:0, instance:stepDefs.TestRunner@3e08ff24]" started-at="2022-09-13T19:02:37Z" name="tearDownClass" finished-at="2022-09-13T19:02:37Z" duration-ms="183" status="PASS">
          <reporter-output>
          </reporter-output>
        </test-method> <!-- tearDownClass -->
      </class> <!-- stepDefs.TestRunner -->
    </test> <!-- Test -->
  </suite> <!-- Suite -->
</testng-results>
